SF:/Users/renjunli/Desktop/LittleThings/flutter_framework/packages/domain/reflection_domain/lib/src/entities/answer_entity.dart
DA:12,4
DA:21,0
DA:22,0
DA:23,0
DA:24,0
DA:25,0
DA:26,0
DA:27,0
DA:30,0
DA:31,0
DA:32,0
DA:33,0
DA:34,0
DA:35,0
DA:36,0
DA:38,0
DA:39,0
DA:43,2
DA:46,0
DA:47,0
DA:48,0
DA:49,0
DA:50,0
DA:51,0
DA:53,0
DA:55,0
LF:26
LH:2
end_of_record
SF:/Users/renjunli/Desktop/LittleThings/flutter_framework/packages/domain/reflection_domain/lib/src/entities/question_entity.dart
DA:12,4
DA:21,0
DA:22,0
DA:23,0
DA:24,0
DA:25,0
DA:26,0
DA:27,0
DA:30,0
DA:31,0
DA:32,0
DA:33,0
DA:34,0
DA:35,0
DA:36,0
DA:39,0
DA:40,0
DA:41,0
DA:42,0
DA:45,0
DA:47,0
DA:48,0
DA:49,0
DA:50,0
DA:53,0
DA:54,0
DA:57,2
DA:60,0
DA:61,0
DA:62,0
DA:63,0
DA:64,0
DA:66,0
DA:67,0
LF:34
LH:2
end_of_record
SF:/Users/renjunli/Desktop/LittleThings/flutter_framework/packages/domain/reflection_domain/lib/src/entities/icon_entity.dart
DA:5,2
DA:7,0
DA:9,0
DA:10,0
DA:11,0
DA:14,0
DA:17,0
DA:18,0
DA:19,0
DA:20,0
DA:22,0
DA:23,0
DA:32,0
DA:35,0
DA:37,0
DA:39,0
LF:16
LH:1
end_of_record
SF:/Users/renjunli/Desktop/LittleThings/flutter_framework/packages/domain/reflection_domain/lib/src/entities/calendar_entity.dart
DA:7,1
DA:9,0
DA:11,0
DA:14,0
DA:15,0
DA:16,0
DA:18,0
DA:19,0
DA:23,6
DA:27,6
DA:33,1
DA:37,6
DA:44,1
LF:13
LH:6
end_of_record
SF:/Users/renjunli/Desktop/LittleThings/flutter_framework/packages/domain/reflection_domain/lib/src/entities/category_entity.dart
DA:6,4
DA:8,0
DA:10,0
DA:11,0
DA:12,0
DA:13,0
DA:16,0
DA:19,0
DA:20,0
DA:21,0
DA:22,0
DA:23,0
DA:25,0
DA:26,0
LF:14
LH:1
end_of_record
SF:/Users/renjunli/Desktop/LittleThings/flutter_framework/packages/domain/reflection_domain/lib/src/entities/weekly_report_entity.dart
DA:11,1
DA:22,2
DA:24,0
DA:25,0
DA:26,0
DA:27,0
DA:28,0
DA:29,0
DA:30,0
DA:31,0
DA:32,0
DA:35,0
DA:36,0
DA:37,0
DA:38,0
DA:39,0
DA:40,0
DA:41,0
DA:42,0
DA:43,0
DA:45,0
DA:46,0
DA:47,0
DA:48,0
DA:53,0
DA:56,0
DA:57,0
DA:58,0
DA:59,0
DA:61,0
DA:62,0
DA:69,1
DA:71,0
DA:73,0
DA:74,0
DA:75,0
DA:76,0
DA:79,0
DA:82,0
DA:83,0
DA:84,0
DA:86,0
DA:87,0
DA:94,1
DA:105,1
LF:45
LH:5
end_of_record
SF:/Users/renjunli/Desktop/LittleThings/flutter_framework/packages/domain/reflection_domain/lib/src/usecases/fetch_answer_detail_usecase.dart
DA:11,1
DA:13,1
DA:15,2
LF:3
LH:3
end_of_record
SF:/Users/renjunli/Desktop/LittleThings/flutter_framework/packages/domain/reflection_domain/lib/src/usecases/fetch_calendar_reflections_usecase.dart
DA:13,1
DA:15,1
DA:20,2
DA:21,1
DA:22,1
DA:25,1
DA:26,4
DA:27,4
DA:29,3
DA:30,3
DA:33,1
DA:34,1
DA:35,1
DA:36,2
DA:41,2
DA:46,1
DA:48,2
DA:49,3
DA:50,1
DA:51,3
LF:20
LH:20
end_of_record
SF:/Users/renjunli/Desktop/LittleThings/flutter_framework/packages/domain/reflection_domain/lib/src/usecases/fetch_thread_questions_usecase.dart
DA:11,1
DA:13,1
DA:15,2
DA:17,2
DA:18,3
DA:19,2
LF:6
LH:6
end_of_record
SF:/Users/renjunli/Desktop/LittleThings/flutter_framework/packages/domain/reflection_domain/lib/src/usecases/fetch_today_question_usecase.dart
DA:11,1
DA:13,1
DA:15,2
LF:3
LH:3
end_of_record
SF:/Users/renjunli/Desktop/LittleThings/flutter_framework/packages/domain/reflection_domain/lib/src/usecases/fetch_weekly_reports_usecase.dart
DA:15,1
DA:17,1
DA:23,2
LF:3
LH:3
end_of_record
SF:/Users/renjunli/Desktop/LittleThings/flutter_framework/packages/domain/reflection_domain/lib/src/usecases/submit_answer_usecase.dart
DA:15,1
DA:17,1
DA:23,2
DA:24,1
DA:27,2
DA:28,1
DA:31,2
LF:7
LH:7
end_of_record
